[2025-12-03 19:23:23] [INFO] news_bot - Планировщик запущен. Ожидаю ежедневный запуск в 09:00 (Europe/Moscow).
[2025-12-03 19:27:42] [INFO] news_bot - Планировщик запущен. Ожидаю ежедневный запуск в 09:00 (Europe/Moscow).
[2025-12-03 21:56:12] [INFO] news_bot - Планировщик запущен. Ежедневный запуск новостей в 09:00 и мониторинга в 10:00 (Europe/Moscow).
[2025-12-03 21:56:16] [INFO] news_bot - Планировщик запущен. Ежедневный запуск новостей в 09:00 и мониторинга в 10:00 (Europe/Moscow).
[2025-12-03 21:56:19] [INFO] news_bot - Планировщик запущен. Ежедневный запуск новостей в 09:00 и мониторинга в 10:00 (Europe/Moscow).
[2025-12-03 21:56:23] [INFO] news_bot - Планировщик запущен. Ежедневный запуск новостей в 09:00 и мониторинга в 10:00 (Europe/Moscow).
[2025-12-03 21:56:27] [INFO] news_bot - Планировщик запущен. Ежедневный запуск новостей в 09:00 и мониторинга в 10:00 (Europe/Moscow).
[2025-12-03 21:56:32] [INFO] news_bot - Планировщик запущен. Ежедневный запуск новостей в 09:00 и мониторинга в 10:00 (Europe/Moscow).
[2025-12-03 21:56:39] [INFO] news_bot - Планировщик запущен. Ежедневный запуск новостей в 09:00 и мониторинга в 10:00 (Europe/Moscow).
[2025-12-03 21:56:49] [INFO] news_bot - Планировщик запущен. Ежедневный запуск новостей в 09:00 и мониторинга в 10:00 (Europe/Moscow).
[2025-12-03 21:57:05] [INFO] news_bot - Планировщик запущен. Ежедневный запуск новостей в 09:00 и мониторинга в 10:00 (Europe/Moscow).
[2025-12-04 07:56:33] [INFO] news_bot - Планировщик запущен. Ежедневный запуск новостей в 09:00 и мониторинга в 10:00 (Europe/Moscow).
[2025-12-04 07:56:36] [INFO] news_bot - Планировщик запущен. Ежедневный запуск новостей в 09:00 и мониторинга в 10:00 (Europe/Moscow).
[2025-12-04 07:56:38] [INFO] news_bot - Планировщик запущен. Ежедневный запуск новостей в 09:00 и мониторинга в 10:00 (Europe/Moscow).
[2025-12-04 07:56:40] [INFO] news_bot - Планировщик запущен. Ежедневный запуск новостей в 09:00 и мониторинга в 10:00 (Europe/Moscow).
[2025-12-04 07:56:42] [INFO] news_bot - Планировщик запущен. Ежедневный запуск новостей в 09:00 и мониторинга в 10:00 (Europe/Moscow).
[2025-12-04 07:56:45] [INFO] news_bot - Планировщик запущен. Ежедневный запуск новостей в 09:00 и мониторинга в 10:00 (Europe/Moscow).
[2025-12-04 07:56:50] [INFO] news_bot - Планировщик запущен. Ежедневный запуск новостей в 09:00 и мониторинга в 10:00 (Europe/Moscow).
[2025-12-04 07:56:58] [INFO] news_bot - Планировщик запущен. Ежедневный запуск новостей в 09:00 и мониторинга в 10:00 (Europe/Moscow).
[2025-12-04 07:57:13] [INFO] news_bot - Планировщик запущен. Ежедневный запуск новостей в 09:00 и мониторинга в 10:00 (Europe/Moscow).
[2025-12-04 07:57:40] [INFO] news_bot - Планировщик запущен. Ежедневный запуск новостей в 09:00 и мониторинга в 10:00 (Europe/Moscow).
[2025-12-04 07:58:15] [INFO] news_bot - Планировщик запущен. Ежедневный запуск новостей в 09:00 и мониторинга в 10:00 (Europe/Moscow).
[2025-12-04 07:58:17] [INFO] news_bot - Планировщик запущен. Ежедневный запуск новостей в 09:00 и мониторинга в 10:00 (Europe/Moscow).
[2025-12-04 07:58:19] [INFO] news_bot - Планировщик запущен. Ежедневный запуск новостей в 09:00 и мониторинга в 10:00 (Europe/Moscow).
[2025-12-04 07:58:21] [INFO] news_bot - Планировщик запущен. Ежедневный запуск новостей в 09:00 и мониторинга в 10:00 (Europe/Moscow).
[2025-12-04 07:58:24] [INFO] news_bot - Планировщик запущен. Ежедневный запуск новостей в 09:00 и мониторинга в 10:00 (Europe/Moscow).
[2025-12-04 07:58:27] [INFO] news_bot - Планировщик запущен. Ежедневный запуск новостей в 09:00 и мониторинга в 10:00 (Europe/Moscow).
[2025-12-04 07:58:32] [INFO] news_bot - Планировщик запущен. Ежедневный запуск новостей в 09:00 и мониторинга в 10:00 (Europe/Moscow).
[2025-12-04 07:58:40] [INFO] news_bot - Планировщик запущен. Ежедневный запуск новостей в 09:00 и мониторинга в 10:00 (Europe/Moscow).
[2025-12-04 07:58:54] [INFO] news_bot - Планировщик запущен. Ежедневный запуск новостей в 09:00 и мониторинга в 10:00 (Europe/Moscow).
[2025-12-04 07:59:21] [INFO] news_bot - Планировщик запущен. Ежедневный запуск новостей в 09:00 и мониторинга в 10:00 (Europe/Moscow).
[2025-12-04 08:00:14] [INFO] news_bot - Планировщик запущен. Ежедневный запуск новостей в 09:00 и мониторинга в 10:00 (Europe/Moscow).
[2025-12-04 08:01:51] [INFO] news_bot - Планировщик запущен. Ежедневный запуск новостей в 09:00 и мониторинга в 10:00 (Europe/Moscow).
[2025-12-04 08:01:53] [INFO] news_bot - Планировщик запущен. Ежедневный запуск новостей в 09:00 и мониторинга в 10:00 (Europe/Moscow).
[2025-12-04 08:01:55] [INFO] news_bot - Планировщик запущен. Ежедневный запуск новостей в 09:00 и мониторинга в 10:00 (Europe/Moscow).
[2025-12-04 08:01:57] [INFO] news_bot - Планировщик запущен. Ежедневный запуск новостей в 09:00 и мониторинга в 10:00 (Europe/Moscow).
[2025-12-04 08:01:59] [INFO] news_bot - Планировщик запущен. Ежедневный запуск новостей в 09:00 и мониторинга в 10:00 (Europe/Moscow).
[2025-12-04 08:02:02] [INFO] news_bot - Планировщик запущен. Ежедневный запуск новостей в 09:00 и мониторинга в 10:00 (Europe/Moscow).
[2025-12-04 08:02:07] [INFO] news_bot - Планировщик запущен. Ежедневный запуск новостей в 09:00 и мониторинга в 10:00 (Europe/Moscow).
[2025-12-04 08:02:15] [INFO] news_bot - Планировщик запущен. Ежедневный запуск новостей в 09:00 и мониторинга в 10:00 (Europe/Moscow).
[2025-12-04 08:02:30] [INFO] news_bot - Планировщик запущен. Ежедневный запуск новостей в 09:00 и мониторинга в 10:00 (Europe/Moscow).
[2025-12-04 08:04:10] [INFO] news_bot - Планировщик запущен. Ежедневный запуск новостей в 09:00 и мониторинга в 10:00 (Europe/Moscow).
[2025-12-04 08:04:12] [INFO] news_bot - Планировщик запущен. Ежедневный запуск новостей в 09:00 и мониторинга в 10:00 (Europe/Moscow).
[2025-12-04 08:04:14] [INFO] news_bot - Планировщик запущен. Ежедневный запуск новостей в 09:00 и мониторинга в 10:00 (Europe/Moscow).
[2025-12-04 08:04:16] [INFO] news_bot - Планировщик запущен. Ежедневный запуск новостей в 09:00 и мониторинга в 10:00 (Europe/Moscow).
[2025-12-04 08:04:19] [INFO] news_bot - Планировщик запущен. Ежедневный запуск новостей в 09:00 и мониторинга в 10:00 (Europe/Moscow).
[2025-12-04 08:04:22] [INFO] news_bot - Планировщик запущен. Ежедневный запуск новостей в 09:00 и мониторинга в 10:00 (Europe/Moscow).
[2025-12-04 08:04:27] [INFO] news_bot - Планировщик запущен. Ежедневный запуск новостей в 09:00 и мониторинга в 10:00 (Europe/Moscow).
[2025-12-04 08:06:19] [INFO] news_bot - Планировщик запущен. Ежедневный запуск новостей в 09:00 и мониторинга в 10:00 (Europe/Moscow).
[2025-12-04 08:07:39] [INFO] news_bot - Запуск Профессора новостей для weekday=3
[2025-12-04 08:07:39] [INFO] news_bot - Загружаю ссылки с https://thehackernews.com/
[2025-12-04 08:07:39] [INFO] news_bot - https://thehackernews.com/: найдено 88 ссылок
[2025-12-04 08:07:39] [INFO] news_bot - Загружаю ссылки с https://gbhackers.com/
[2025-12-04 08:07:40] [INFO] news_bot - https://gbhackers.com/: найдено 299 ссылок
[2025-12-04 08:07:40] [INFO] news_bot - Загружаю ссылки с https://cybersecuritynews.com/
[2025-12-04 08:07:41] [INFO] news_bot - https://cybersecuritynews.com/: найдено 166 ссылок
[2025-12-04 08:07:41] [INFO] news_bot - После фильтра по '/2025/' осталось 29 ссылок
[2025-12-04 08:07:49] [INFO] news_bot - Сохранена новость: https://thehackernews.com/2025/12/record-297-tbps-ddos-attack-linked-to.html (score=0.155)
[2025-12-04 08:07:49] [INFO] news_bot - Сохранена новость: https://thehackernews.com/2025/12/critical-rsc-bugs-in-react-and-nextjs.html (score=0.283)
[2025-12-04 08:07:49] [INFO] news_bot - Сохранена новость: https://thehackernews.com/2025/12/discover-ai-tools-fueling-next.html (score=0.257)
[2025-12-04 08:07:49] [INFO] news_bot - Сохранена новость: https://thehackernews.com/2025/12/microsoft-silently-patches-windows-lnk.html (score=0.280)
[2025-12-04 08:07:49] [INFO] news_bot - Сохранена новость: https://thehackernews.com/2025/12/wordpress-king-addons-flaw-under-active.html (score=0.320)
[2025-12-04 08:07:49] [INFO] news_bot - Сохранена новость: https://thehackernews.com/2025/12/brazil-hit-by-banking-trojan-spread-via.html (score=0.298)
[2025-12-04 08:07:49] [INFO] news_bot - Сохранена новость: https://thehackernews.com/2025/12/chopping-ai-down-to-size-turning.html (score=0.372)
[2025-12-04 08:07:49] [INFO] news_bot - Сохранена новость: https://thehackernews.com/2025/12/picklescan-bugs-allow-malicious-pytorch.html (score=0.446)
[2025-12-04 08:07:49] [INFO] news_bot - Сохранена новость: https://thehackernews.com/2025/12/malicious-rust-crate-delivers-os.html (score=0.181)
[2025-12-04 08:07:49] [INFO] news_bot - Сохранена новость: https://thehackernews.com/2025/12/india-orders-messaging-apps-to-work.html (score=0.139)
[2025-12-04 08:07:49] [INFO] news_bot - Сохранена новость: https://thehackernews.com/2025/12/researchers-capture-lazarus-apts-remote.html (score=0.148)
[2025-12-04 08:07:49] [INFO] news_bot - Сохранена новость: https://thehackernews.com/2025/12/glassworm-returns-with-24-malicious.html (score=0.124)
[2025-12-04 08:07:49] [INFO] news_bot - Сохранена новость: https://thehackernews.com/2025/12/weekly-recap-hot-cves-npm-worm-returns.html (score=0.440)
[2025-12-04 08:07:49] [INFO] news_bot - Сохранена новость: https://thehackernews.com/2025/11/shadowpad-malware-actively-exploits.html (score=0.364)
[2025-12-04 08:07:49] [INFO] news_bot - Сохранена новость: https://thehackernews.com/2025/11/china-linked-apt31-launches-stealthy.html (score=0.196)
[2025-12-04 08:07:49] [INFO] news_bot - Сохранена новость: https://thehackernews.com/2025/11/second-sha1-hulud-wave-affects-25000.html (score=0.218)
[2025-12-04 08:07:49] [INFO] news_bot - Сохранена новость: https://thehackernews.com/2025/11/cisa-warns-of-active-spyware-campaigns.html (score=0.284)
[2025-12-04 08:07:49] [INFO] news_bot - Сохранена новость: https://thehackernews.com/2025/11/toddycats-new-hacking-tools-steal.html (score=0.262)
[2025-12-04 08:07:49] [INFO] news_bot - Сохранена новость: https://thehackernews.com/2025/11/qilin-ransomware-turns-south-korean-msp.html (score=0.220)
[2025-12-04 08:07:49] [INFO] news_bot - Сохранена новость: https://thehackernews.com/2025/11/shai-hulud-v2-campaign-spreads-from-npm.html (score=0.185)
[2025-12-04 08:07:49] [INFO] news_bot - Сохранена новость: https://thehackernews.com/2025/11/threatsday-bulletin-ai-malware-voice.html (score=0.149)
[2025-12-04 08:07:50] [INFO] news_bot - Сохранена новость: https://thehackernews.com/2025/11/ms-teams-guest-access-can-remove.html (score=0.270)
[2025-12-04 08:07:50] [INFO] news_bot - Сохранена новость: https://thehackernews.com/2025/12/new-albiriox-maas-malware-targets-400.html (score=0.212)
[2025-12-04 08:07:50] [INFO] news_bot - Сохранена новость: https://thehackernews.com/2025/11/webinar-learn-to-spot-risks-and-patch.html (score=0.261)
[2025-12-04 08:07:50] [INFO] news_bot - Сохранена новость: https://thehackernews.com/2025/11/microsoft-to-block-unauthorized-scripts.html (score=0.293)
[2025-12-04 08:07:50] [INFO] news_bot - Сохранена новость: https://thehackernews.com/expert-insights/2025/12/beyond-point-in-time-roi-case-for.html (score=0.222)
[2025-12-04 08:07:50] [INFO] news_bot - Сохранена новость: https://thehackernews.com/expert-insights/2025/12/shadow-ai-in-browser-next-enterprise.html (score=0.423)
[2025-12-04 08:07:50] [INFO] news_bot - Сохранена новость: https://thehackernews.com/expert-insights/2025/11/smarter-access-better-protected-data.html (score=0.317)
[2025-12-04 08:07:50] [INFO] news_bot - Сохранена новость: https://thehackernews.com/expert-insights/2025/11/the-problem-with-trust-but-verify-is.html (score=0.207)
[2025-12-04 08:07:50] [INFO] news_bot - Опубликована новость (score=0.446): https://thehackernews.com/2025/12/picklescan-bugs-allow-malicious-pytorch.html
[2025-12-04 08:07:50] [INFO] news_bot - Опубликована новость (score=0.440): https://thehackernews.com/2025/12/weekly-recap-hot-cves-npm-worm-returns.html
[2025-12-04 08:07:51] [INFO] news_bot - Опубликована новость (score=0.423): https://thehackernews.com/expert-insights/2025/12/shadow-ai-in-browser-next-enterprise.html
[2025-12-04 08:07:51] [INFO] news_bot - Опубликована новость (score=0.372): https://thehackernews.com/2025/12/chopping-ai-down-to-size-turning.html
[2025-12-04 08:07:51] [INFO] news_bot - Опубликована новость (score=0.364): https://thehackernews.com/2025/11/shadowpad-malware-actively-exploits.html
[2025-12-04 08:07:51] [INFO] news_bot - Запуск Профессора новостей (будний день) завершён.
